\o Program:		@(#)$CDS: libManager version 6.1.8 - CAT37 01/17/2024 18:07 (csvcm36c-7) $
\o Sub version:		sub-version  s353 
\o Arguments:		-mpssession virtuoso213938 -mpshost gridley.ece.Virginia.EDU 
\o Working Directory:	gridley.ece.Virginia.EDU:/net/marysrock.ece.Virginia.EDU/maryisan/users/sbd4ek/GroupCadence/pdk45
\o 64-bit offsets
\o Qt version: 		5.9.1
\o Log file is "/net/marysrock.ece.Virginia.EDU/maryisan/users/sbd4ek/GroupCadence/pdk45/libManager.log".
\o Opening libManager window.
\a nrSetCurrentWindow(cdsLibManager)
\a nrResizeWindow(cdsLibManager list(618 119 602 491))
\o MPS virtuoso types registered: 65
\o changeWorkingDir("/net/marysrock.ece.Virginia.EDU/maryisan/users/sbd4ek/GroupCadence/pdk45") unnecessary.
\o ddSetForcedLib("") unnecessary.
\o MPS service: map window
\o Library Manager customization server connected.
\a cdsLibManager->libListBox->value = "sbd4ek_VLSI"
\a cdsLibManager->libLineEdit->value = "sbd4ek_VLSI"
\a nrSetCurrentWindow(cdsLibManager)
\a lmgrLogShowPopup("mainListPopup0" 22 113 2 "sbd4ek_VLSI")
\a cdsLibManager->editRenameButton->value = t
\a basicRenameForm->basicRenameFromEdit->value = "sbd4ek_VLSI"
\a nrSetWindowVisibility(basicRenameForm "show")
\a basicRenameForm->basicRenameToEdit->value = "sbd4ek_VLSI"
\a nrSetCurrentWindow(basicRenameForm)
\a nrResizeWindow(basicRenameForm list(797 240 239 190))
\a basicRenameForm->basicRenameToEdit->value = "group_VLSI"
\a basicRenameForm->OK->value = t
\o Checking rename library for access locks.
\o Renaming library "sbd4ek_VLSI" to "group_VLSI".
\a nrSetWindowVisibility(workingDialogForm "show")
\a nrSetCurrentWindow(workingDialogForm)
\a nrResizeWindow(workingDialogForm list(782 269 268 133))
\a cdsLibManager->libListBox->value = nil
\a cdsLibManager->libLineEdit->value = ""
\a cdsLibManager->libListBox->value = "sbd4ek_VLSI"
\a cdsLibManager->libLineEdit->value = "sbd4ek_VLSI"
\o DB was auto refreshed.
\o Batching session updates...
\o Batching session updates...
\a cdsLibManager->libListBox->value = nil
\a cdsLibManager->libLineEdit->value = ""
\a cdsLibManager->libListBox->value = "sbd4ek_VLSI"
\a cdsLibManager->libLineEdit->value = "sbd4ek_VLSI"
\a cdsLibManager->cellListBox->value = "TB_thSE2_new"
\a cdsLibManager->cellLineEdit->value = "TB_thSE2_new"
\a cdsLibManager->viewListBox->value = "schematic"
\a cdsLibManager->viewLineEdit->value = "schematic"
\a cdsLibManager->cellLineEdit->value = ""
\a cdsLibManager->cellListBox->value = nil
\a cdsLibManager->viewLineEdit->value = ""
\a cdsLibManager->viewListBox->value = nil
\a cdsLibManager->cellListBox->value = "TB_thSE2_new"
\a cdsLibManager->cellLineEdit->value = "TB_thSE2_new"
\a cdsLibManager->libListBox->value = nil
\a cdsLibManager->libLineEdit->value = ""
\a cdsLibManager->cellListBox->value = nil
\a cdsLibManager->cellLineEdit->value = ""
\o DB was auto refreshed.
\o Rename succeeded.
\a nrSetCurrentWindow(basicRenameForm)
\a nrSetCurrentWindow(cdsLibManager)
\a cdsLibManager->libListBox->value = "group_VLSI"
\a cdsLibManager->libLineEdit->value = "group_VLSI"
\a nrSetWindowVisibility(cdsLibManager "hide")
\a _lmgrCloseIconify("cdsLibManager" 1)
\o MPS service: shutdown
\o libManager is exiting.
\a exit(0)
